Setting random seed 42
Introducing 4 objects of type sphere
Setting random seed 42
Introducing 4 objects of type tube
Setting random seed 42
Introducing 4 objects of type prism
Setting random seed 42
Introducing 4 objects of type fibre
Setting random seed 42
Introducing 10 objects of type voronoi_polyeder
Setting random seed 42
Introducing 4 objects of type platonic_solid
Setting random seed 42
Introducing 4 objects of type sphere
Setting random seed 42
Introducing 4 objects of type tube
Setting random seed 42
Introducing 4 objects of type prism
Setting random seed 42
Introducing 4 objects of type fibre
Setting random seed 42
Introducing 10 objects of type voronoi_polyeder
Setting random seed 42
Introducing 4 objects of type platonic_solid
